<?xml version="1.0" encoding="UTF-8"?>
<!-- Generated by org.testng.reporters.JUnitReportReporter -->
<testsuite skipped="0" hostname="A7P-00000-THARM" name="com.TestCases.Setup" tests="2" failures="0" timestamp="8 Jan 2017 12:19:32 GMT" time="0.685" errors="0">
  <testcase name="verifyPageOpened" time="0.054" classname="com.TestCases.Setup"/>
  <testcase name="dismissPopup" time="0.631" classname="com.TestCases.Setup"/>
</testsuite> <!-- com.TestCases.Setup -->
