<?xml version="1.0" encoding="UTF-8"?>
<!-- Generated by org.testng.reporters.JUnitReportReporter -->
<testsuite name="TestExecutionSuite.BasicFunctionalExecutionSuite" tests="10" time="299.646" ignored="0" failures="0" timestamp="15 Jan 2017 14:05:29 GMT" skipped="0" hostname="A7P-00000-THARM" errors="0">
  <testcase name="openUrl" time="256.101" classname="TestExecutionSuite.BasicFunctionalExecutionSuite"/>
  <testcase name="validateDetailsEntereInSearchPage" time="1.220" classname="TestExecutionSuite.BasicFunctionalExecutionSuite"/>
  <testcase name="chooseFlight" time="0.386" classname="TestExecutionSuite.BasicFunctionalExecutionSuite"/>
  <testcase name="selectInsurance" time="0.459" classname="TestExecutionSuite.BasicFunctionalExecutionSuite"/>
  <testcase name="enterJourneyDetails" time="5.511" classname="TestExecutionSuite.BasicFunctionalExecutionSuite"/>
  <testcase name="validateFlightsChosenInPaymentPage" time="2.244" classname="TestExecutionSuite.BasicFunctionalExecutionSuite"/>
  <testcase name="enterPassengerDetails" time="4.057" classname="TestExecutionSuite.BasicFunctionalExecutionSuite"/>
  <testcase name="driverInitalization" time="14.219" classname="TestExecutionSuite.BasicFunctionalExecutionSuite"/>
  <testcase name="verifyPaymentPage" time="11.670" classname="TestExecutionSuite.BasicFunctionalExecutionSuite"/>
  <testcase name="enterEmail" time="3.779" classname="TestExecutionSuite.BasicFunctionalExecutionSuite"/>
</testsuite> <!-- TestExecutionSuite.BasicFunctionalExecutionSuite -->
