<?xml version="1.0" encoding="UTF-8"?>
<!-- Generated by org.testng.reporters.JUnitReportReporter -->
<testsuite name="TestExecutionSuite.BasicFunctionalExecutionSuite" tests="10" time="42.321" ignored="0" failures="0" timestamp="14 Jan 2017 04:13:36 GMT" skipped="0" hostname="A7P-00000-THARM" errors="0">
  <testcase name="verifyPaymentPage" time="14.634" classname="TestExecutionSuite.BasicFunctionalExecutionSuite"/>
  <testcase name="openUrl" time="4.170" classname="TestExecutionSuite.BasicFunctionalExecutionSuite"/>
  <testcase name="validateDetailsEntereInSearchPage" time="1.034" classname="TestExecutionSuite.BasicFunctionalExecutionSuite"/>
  <testcase name="enterPassengerDetails" time="3.632" classname="TestExecutionSuite.BasicFunctionalExecutionSuite"/>
  <testcase name="driverInitalization" time="8.233" classname="TestExecutionSuite.BasicFunctionalExecutionSuite"/>
  <testcase name="selectInsurance" time="0.950" classname="TestExecutionSuite.BasicFunctionalExecutionSuite"/>
  <testcase name="chooseFlight" time="0.308" classname="TestExecutionSuite.BasicFunctionalExecutionSuite"/>
  <testcase name="validateFlightsChosenInPaymentPage" time="1.596" classname="TestExecutionSuite.BasicFunctionalExecutionSuite"/>
  <testcase name="enterEmail" time="3.093" classname="TestExecutionSuite.BasicFunctionalExecutionSuite"/>
  <testcase name="enterJourneyDetails" time="4.671" classname="TestExecutionSuite.BasicFunctionalExecutionSuite"/>
</testsuite> <!-- TestExecutionSuite.BasicFunctionalExecutionSuite -->
